alexfmsu@alexfmsu:~/Git/QOS$ ssh -vvv -i ~/.ssh/id_rsa alexfmsu_2131@lomonosov.parallel.ru
OpenSSH_8.2p1 Ubuntu-4, OpenSSL 1.1.1f  31 Mar 2020
debug1: Reading configuration data /etc/ssh/ssh_config
debug1: /etc/ssh/ssh_config line 19: include /etc/ssh/ssh_config.d/*.conf matched no files
debug1: /etc/ssh/ssh_config line 21: Applying options for *
debug2: resolving "lomonosov.parallel.ru" port 22
debug2: ssh_connect_direct
debug1: Connecting to lomonosov.parallel.ru [93.180.7.39] port 22.
debug1: Connection established.
debug1: identity file /home/alexfmsu/.ssh/id_rsa type 0
debug1: identity file /home/alexfmsu/.ssh/id_rsa-cert type -1
debug1: Local version string SSH-2.0-OpenSSH_8.2p1 Ubuntu-4
debug1: Remote protocol version 2.0, remote software version OpenSSH_5.3
debug1: match: OpenSSH_5.3 pat OpenSSH_5* compat 0x0c000002
debug2: fd 3 setting O_NONBLOCK
debug1: Authenticating to lomonosov.parallel.ru:22 as 'alexfmsu_2131'
debug3: hostkeys_foreach: reading file "/home/alexfmsu/.ssh/known_hosts"
debug3: record_hostkey: found key type RSA in file /home/alexfmsu/.ssh/known_hosts:9
debug3: load_hostkeys: loaded 1 keys from lomonosov.parallel.ru
debug3: order_hostkeyalgs: prefer hostkeyalgs: rsa-sha2-512-cert-v01@openssh.com,rsa-sha2-256-cert-v01@openssh.com,ssh-rsa-cert-v01@openssh.com,rsa-sha2-512,rsa-sha2-256,ssh-rsa
debug3: send packet: type 20
debug1: SSH2_MSG_KEXINIT sent
debug3: receive packet: type 20
debug1: SSH2_MSG_KEXINIT received
debug2: local client KEXINIT proposal
debug2: KEX algorithms: curve25519-sha256,curve25519-sha256@libssh.org,ecdh-sha2-nistp256,ecdh-sha2-nistp384,ecdh-sha2-nistp521,diffie-hellman-group-exchange-sha256,diffie-hellman-group16-sha512,diffie-hellman-group18-sha512,diffie-hellman-group14-sha256,ext-info-c
debug2: host key algorithms: rsa-sha2-512-cert-v01@openssh.com,rsa-sha2-256-cert-v01@openssh.com,ssh-rsa-cert-v01@openssh.com,rsa-sha2-512,rsa-sha2-256,ssh-rsa,ecdsa-sha2-nistp256-cert-v01@openssh.com,ecdsa-sha2-nistp384-cert-v01@openssh.com,ecdsa-sha2-nistp521-cert-v01@openssh.com,sk-ecdsa-sha2-nistp256-cert-v01@openssh.com,ssh-ed25519-cert-v01@openssh.com,sk-ssh-ed25519-cert-v01@openssh.com,ecdsa-sha2-nistp256,ecdsa-sha2-nistp384,ecdsa-sha2-nistp521,sk-ecdsa-sha2-nistp256@openssh.com,ssh-ed25519,sk-ssh-ed25519@openssh.com
debug2: ciphers ctos: chacha20-poly1305@openssh.com,aes128-ctr,aes192-ctr,aes256-ctr,aes128-gcm@openssh.com,aes256-gcm@openssh.com
debug2: ciphers stoc: chacha20-poly1305@openssh.com,aes128-ctr,aes192-ctr,aes256-ctr,aes128-gcm@openssh.com,aes256-gcm@openssh.com
debug2: MACs ctos: umac-64-etm@openssh.com,umac-128-etm@openssh.com,hmac-sha2-256-etm@openssh.com,hmac-sha2-512-etm@openssh.com,hmac-sha1-etm@openssh.com,umac-64@openssh.com,umac-128@openssh.com,hmac-sha2-256,hmac-sha2-512,hmac-sha1
debug2: MACs stoc: umac-64-etm@openssh.com,umac-128-etm@openssh.com,hmac-sha2-256-etm@openssh.com,hmac-sha2-512-etm@openssh.com,hmac-sha1-etm@openssh.com,umac-64@openssh.com,umac-128@openssh.com,hmac-sha2-256,hmac-sha2-512,hmac-sha1
debug2: compression ctos: none,zlib@openssh.com,zlib
debug2: compression stoc: none,zlib@openssh.com,zlib
debug2: languages ctos: 
debug2: languages stoc: 
debug2: first_kex_follows 0 
debug2: reserved 0 
debug2: peer server KEXINIT proposal
debug2: KEX algorithms: diffie-hellman-group-exchange-sha256,diffie-hellman-group-exchange-sha1,diffie-hellman-group14-sha1,diffie-hellman-group1-sha1
debug2: host key algorithms: ssh-rsa,ssh-dss
debug2: ciphers ctos: aes128-ctr,aes192-ctr,aes256-ctr,arcfour256,arcfour128,aes128-cbc,3des-cbc,blowfish-cbc,cast128-cbc,aes192-cbc,aes256-cbc,arcfour,rijndael-cbc@lysator.liu.se
debug2: ciphers stoc: aes128-ctr,aes192-ctr,aes256-ctr,arcfour256,arcfour128,aes128-cbc,3des-cbc,blowfish-cbc,cast128-cbc,aes192-cbc,aes256-cbc,arcfour,rijndael-cbc@lysator.liu.se
debug2: MACs ctos: hmac-md5,hmac-sha1,umac-64@openssh.com,hmac-sha2-256,hmac-sha2-512,hmac-ripemd160,hmac-ripemd160@openssh.com,hmac-sha1-96,hmac-md5-96
debug2: MACs stoc: hmac-md5,hmac-sha1,umac-64@openssh.com,hmac-sha2-256,hmac-sha2-512,hmac-ripemd160,hmac-ripemd160@openssh.com,hmac-sha1-96,hmac-md5-96
debug2: compression ctos: none,zlib@openssh.com
debug2: compression stoc: none,zlib@openssh.com
debug2: languages ctos: 
debug2: languages stoc: 
debug2: first_kex_follows 0 
debug2: reserved 0 
debug1: kex: algorithm: diffie-hellman-group-exchange-sha256
debug1: kex: host key algorithm: ssh-rsa
debug1: kex: server->client cipher: aes128-ctr MAC: umac-64@openssh.com compression: none
debug1: kex: client->server cipher: aes128-ctr MAC: umac-64@openssh.com compression: none
debug3: send packet: type 34
debug1: SSH2_MSG_KEX_DH_GEX_REQUEST(2048<3072<8192) sent
debug3: receive packet: type 31
debug1: got SSH2_MSG_KEX_DH_GEX_GROUP
debug2: bits set: 1579/3072
debug3: send packet: type 32
debug1: SSH2_MSG_KEX_DH_GEX_INIT sent
debug3: receive packet: type 33
debug1: got SSH2_MSG_KEX_DH_GEX_REPLY
debug1: Server host key: ssh-rsa SHA256:AbfCJrk6afud3bcwg0rcc0gGhcvovN27+WHNAuYThDk
debug3: hostkeys_foreach: reading file "/home/alexfmsu/.ssh/known_hosts"
debug3: record_hostkey: found key type RSA in file /home/alexfmsu/.ssh/known_hosts:9
debug3: load_hostkeys: loaded 1 keys from lomonosov.parallel.ru
debug3: hostkeys_foreach: reading file "/home/alexfmsu/.ssh/known_hosts"
debug3: record_hostkey: found key type RSA in file /home/alexfmsu/.ssh/known_hosts:10
debug3: load_hostkeys: loaded 1 keys from 93.180.7.39
debug1: Host 'lomonosov.parallel.ru' is known and matches the RSA host key.
debug1: Found key in /home/alexfmsu/.ssh/known_hosts:9
debug2: bits set: 1490/3072
debug3: send packet: type 21
debug2: set_newkeys: mode 1
debug1: rekey out after 4294967296 blocks
debug1: SSH2_MSG_NEWKEYS sent
debug1: expecting SSH2_MSG_NEWKEYS
debug3: receive packet: type 21
debug1: SSH2_MSG_NEWKEYS received
debug2: set_newkeys: mode 0
debug1: rekey in after 4294967296 blocks
debug1: Will attempt key: /home/alexfmsu/.ssh/id_rsa RSA SHA256:p+I+IJJ9OMhp88fq5H5j0OhUi/7l12YGzZKLeCMXtsI explicit agent
debug1: Will attempt key: alexfmsu@alexfmsu RSA SHA256:RZdsKH+TkRKZ3OccjnX4UbNc/LCembfHMk712YnDdr0 agent
debug1: Will attempt key: alexfmsu@alexfmsu RSA SHA256:O1WcdZvgg0Teii/BExWdWA/2p5hD7wSA2Otsizcw2cQ agent
debug2: pubkey_prepare: done
debug3: send packet: type 5
debug3: receive packet: type 6
debug2: service_accept: ssh-userauth
debug1: SSH2_MSG_SERVICE_ACCEPT received
debug3: send packet: type 50
debug3: receive packet: type 51
debug1: Authentications that can continue: publickey,password
debug3: start over, passed a different list publickey,password
debug3: preferred gssapi-with-mic,publickey,keyboard-interactive,password
debug3: authmethod_lookup publickey
debug3: remaining preferred: keyboard-interactive,password
debug3: authmethod_is_enabled publickey
debug1: Next authentication method: publickey
debug1: Offering public key: /home/alexfmsu/.ssh/id_rsa RSA SHA256:p+I+IJJ9OMhp88fq5H5j0OhUi/7l12YGzZKLeCMXtsI explicit agent
debug3: send packet: type 50
debug2: we sent a publickey packet, wait for reply
debug3: receive packet: type 51
debug1: Authentications that can continue: publickey,password
debug1: Offering public key: alexfmsu@alexfmsu RSA SHA256:RZdsKH+TkRKZ3OccjnX4UbNc/LCembfHMk712YnDdr0 agent
debug3: send packet: type 50
debug2: we sent a publickey packet, wait for reply
debug3: receive packet: type 51
debug1: Authentications that can continue: publickey,password
debug1: Offering public key: alexfmsu@alexfmsu RSA SHA256:O1WcdZvgg0Teii/BExWdWA/2p5hD7wSA2Otsizcw2cQ agent
debug3: send packet: type 50
debug2: we sent a publickey packet, wait for reply
debug3: receive packet: type 51
debug1: Authentications that can continue: publickey,password
debug2: we did not send a packet, disable method
debug3: authmethod_lookup password
debug3: remaining preferred: ,password
debug3: authmethod_is_enabled password
debug1: Next authentication method: password
alexfmsu_2131@lomonosov.parallel.ru's password: